#
# There is insufficient memory for the Java Runtime Environment to continue.
# Native memory allocation (malloc) failed to allocate 1073376 bytes. Error detail: Chunk::new
# Possible reasons:
#   The system is out of physical RAM or swap space
#   This process is running with CompressedOops enabled, and the Java Heap may be blocking the growth of the native heap
# Possible solutions:
#   Reduce memory load on the system
#   Increase physical memory or swap space
#   Check if swap backing store is full
#   Decrease Java heap size (-Xmx/-Xms)
#   Decrease number of Java threads
#   Decrease Java thread stack sizes (-Xss)
#   Set larger code cache with -XX:ReservedCodeCacheSize=
#   JVM is running with Unscaled Compressed Oops mode in which the Java heap is
#     placed in the first 4GB address space. The Java Heap base address is the
#     maximum limit for the native heap growth. Please use -XX:HeapBaseMinAddress
#     to set the Java Heap base and to place the Java Heap above 4GB virtual address.
# This output file may be truncated or incomplete.
#
#  Out of Memory Error (arena.cpp:191), pid=30800, tid=3440
#
# JRE version: OpenJDK Runtime Environment Temurin-17.0.13+11 (17.0.13+11) (build 17.0.13+11)
# Java VM: OpenJDK 64-Bit Server VM Temurin-17.0.13+11 (17.0.13+11, mixed mode, tiered, compressed oops, compressed class ptrs, parallel gc, windows-amd64)
# No core dump will be written. Minidumps are not enabled by default on client versions of Windows
#

---------------  S U M M A R Y ------------

Command Line: --add-modules=ALL-SYSTEM --add-opens=java.base/java.util=ALL-UNNAMED --add-opens=java.base/java.lang=ALL-UNNAMED --add-opens=java.base/sun.nio.fs=ALL-UNNAMED -Declipse.application=org.eclipse.jdt.ls.core.id1 -Dosgi.bundles.defaultStartLevel=4 -Declipse.product=org.eclipse.jdt.ls.core.product -Djava.import.generatesMetadataFilesAtProjectRoot=false -DDetectVMInstallationsJob.disabled=true -Dfile.encoding=utf8 -XX:+UseParallelGC -XX:GCTimeRatio=4 -XX:AdaptiveSizePolicyWeight=90 -Dsun.zip.disableMemoryMapping=true -Xmx1G -Xms100m -Xlog:disable -javaagent:c:\Users\musaw\.vscode\extensions\redhat.java-1.36.0-win32-x64\lombok\lombok-1.18.35.jar -XX:+HeapDumpOnOutOfMemoryError -XX:HeapDumpPath=c:\Users\musaw\AppData\Roaming\Code\User\workspaceStorage\0f36ad95ba0b240c9b16759dd15b8eeb\redhat.java -Daether.dependencyCollector.impl=bf c:\Users\musaw\.vscode\extensions\redhat.java-1.36.0-win32-x64\server\plugins\org.eclipse.equinox.launcher_1.6.900.v20240613-2009.jar -configuration c:\Users\musaw\AppData\Roaming\Code\User\globalStorage\redhat.java\1.36.0\config_win -data c:\Users\musaw\AppData\Roaming\Code\User\workspaceStorage\0f36ad95ba0b240c9b16759dd15b8eeb\redhat.java\jdt_ws --pipe=\\.\pipe\lsp-6ed07f1dc9ef4834680d513afb637b9a-sock

Host: Intel(R) Core(TM) i7-8565U CPU @ 1.80GHz, 8 cores, 7G,  Windows 11 , 64 bit Build 22621 (10.0.22621.3958)
Time: Wed Nov 20 16:06:23 2024 Eastern Standard Time elapsed time: 63.155442 seconds (0d 0h 1m 3s)

---------------  T H R E A D  ---------------

Current thread (0x00000173fd49e7d0):  JavaThread "C2 CompilerThread0" daemon [_thread_in_native, id=3440, stack(0x000000493f500000,0x000000493f600000)]


Current CompileTask:
C2:  63155 11389   !   4       org.eclipse.jdt.internal.compiler.lookup.BinaryTypeBinding::superInterfaces (286 bytes)

Stack: [0x000000493f500000,0x000000493f600000]
Native frames: (J=compiled Java code, j=interpreted, Vv=VM code, C=native code)
V  [jvm.dll+0x682a19]
V  [jvm.dll+0x839538]
V  [jvm.dll+0x83afe3]
V  [jvm.dll+0x83b653]
V  [jvm.dll+0x24704f]
V  [jvm.dll+0xace34]
V  [jvm.dll+0xad4cc]
V  [jvm.dll+0x2ac84f]
V  [jvm.dll+0x588a79]
V  [jvm.dll+0x220ea2]
V  [jvm.dll+0x219cd2]
V  [jvm.dll+0x21738b]
V  [jvm.dll+0x1a3070]
V  [jvm.dll+0x22788c]
V  [jvm.dll+0x2259eb]
V  [jvm.dll+0x7eec98]
V  [jvm.dll+0x7e8ffc]
V  [jvm.dll+0x6818f7]
C  [ucrtbase.dll+0x29333]
C  [KERNEL32.DLL+0x1257d]
C  [ntdll.dll+0x5af28]


---------------  P R O C E S S  ---------------

Threads class SMR info:
_java_thread_list=0x00000173fefcb9b0, length=68, elements={
0x00000173f75868a0, 0x00000173fc403520, 0x00000173fc4057a0, 0x00000173fc40c750,
0x00000173fc40d020, 0x00000173fc40e290, 0x00000173fd4a9560, 0x00000173fd49e7d0,
0x00000173fd4a0140, 0x00000173fd4ad220, 0x00000173fd51c790, 0x00000173fe687450,
0x00000173feda1f40, 0x00000173ff1624f0, 0x00000173ff12c460, 0x00000173fec3fdd0,
0x00000173ff9719d0, 0x00000173ff7cf9b0, 0x00000173ff7cd640, 0x00000173ff7cea80,
0x00000173ff7cdb50, 0x00000173ff7ce060, 0x00000173ff7cef90, 0x00000173ff7ce570,
0x00000173ff7cf4a0, 0x00000173ff7d03d0, 0x00000173ff7d08e0, 0x00000173ff523070,
0x00000173ff5258f0, 0x00000173ff522b60, 0x00000173ff525e00, 0x00000173ff523fa0,
0x00000173ff526310, 0x00000173ff5253e0, 0x00000173ff523580, 0x00000173ff523a90,
0x00000173ff5249c0, 0x00000173ff524ed0, 0x00000173933fbf80, 0x00000173933fd3c0,
0x00000173933fc490, 0x00000173933fb560, 0x00000173933fd8d0, 0x00000173933fdde0,
0x00000173933fba70, 0x00000173933fa630, 0x00000173933fab40, 0x00000173ff7cfec0,
0x00000173ff7cd130, 0x000001739dd37e40, 0x000001739dd35fe0, 0x000001739dd37930,
0x000001739dd3b5f0, 0x000001739dd39790, 0x000001739dd34180, 0x000001739dd3a1b0,
0x000001739dd364f0, 0x000001739dd3bb00, 0x000001739dd36f10, 0x000001739dd3a6c0,
0x000001739dd37420, 0x000001739dd38350, 0x000001739dd38860, 0x000001739dd38d70,
0x000001739dd3b0e0, 0x000001739dd355c0, 0x000001739dd350b0, 0x00000173feb983b0
}

Java Threads: ( => current thread )
  0x00000173f75868a0 JavaThread "main" [_thread_blocked, id=19360, stack(0x000000493ec00000,0x000000493ed00000)]
  0x00000173fc403520 JavaThread "Reference Handler" daemon [_thread_blocked, id=23732, stack(0x000000493ef00000,0x000000493f000000)]
  0x00000173fc4057a0 JavaThread "Finalizer" daemon [_thread_blocked, id=30996, stack(0x000000493f000000,0x000000493f100000)]
  0x00000173fc40c750 JavaThread "Signal Dispatcher" daemon [_thread_blocked, id=26648, stack(0x000000493f100000,0x000000493f200000)]
  0x00000173fc40d020 JavaThread "Attach Listener" daemon [_thread_blocked, id=12240, stack(0x000000493f200000,0x000000493f300000)]
  0x00000173fc40e290 JavaThread "Service Thread" daemon [_thread_blocked, id=4684, stack(0x000000493f300000,0x000000493f400000)]
  0x00000173fd4a9560 JavaThread "Monitor Deflation Thread" daemon [_thread_blocked, id=27232, stack(0x000000493f400000,0x000000493f500000)]
=>0x00000173fd49e7d0 JavaThread "C2 CompilerThread0" daemon [_thread_in_native, id=3440, stack(0x000000493f500000,0x000000493f600000)]
  0x00000173fd4a0140 JavaThread "C1 CompilerThread0" daemon [_thread_blocked, id=20584, stack(0x000000493f600000,0x000000493f700000)]
  0x00000173fd4ad220 JavaThread "Sweeper thread" daemon [_thread_blocked, id=12920, stack(0x000000493f700000,0x000000493f800000)]
  0x00000173fd51c790 JavaThread "Common-Cleaner" daemon [_thread_blocked, id=8744, stack(0x000000493f800000,0x000000493f900000)]
  0x00000173fe687450 JavaThread "Notification Thread" daemon [_thread_blocked, id=30440, stack(0x000000493fa00000,0x000000493fb00000)]
  0x00000173feda1f40 JavaThread "Active Thread: Equinox Container: e2ba33ea-403b-44b4-a68d-6c52160bb05f" [_thread_blocked, id=6516, stack(0x0000004940200000,0x0000004940300000)]
  0x00000173ff1624f0 JavaThread "Refresh Thread: Equinox Container: e2ba33ea-403b-44b4-a68d-6c52160bb05f" daemon [_thread_blocked, id=17212, stack(0x0000004940300000,0x0000004940400000)]
  0x00000173ff12c460 JavaThread "Framework Event Dispatcher: Equinox Container: e2ba33ea-403b-44b4-a68d-6c52160bb05f" daemon [_thread_blocked, id=26988, stack(0x0000004940400000,0x0000004940500000)]
  0x00000173fec3fdd0 JavaThread "Start Level: Equinox Container: e2ba33ea-403b-44b4-a68d-6c52160bb05f" daemon [_thread_blocked, id=8800, stack(0x0000004940500000,0x0000004940600000)]
  0x00000173ff9719d0 JavaThread "Bundle File Closer" daemon [_thread_blocked, id=2220, stack(0x0000004940700000,0x0000004940800000)]
  0x00000173ff7cf9b0 JavaThread "SCR Component Actor" daemon [_thread_blocked, id=5428, stack(0x0000004940800000,0x0000004940900000)]
  0x00000173ff7cd640 JavaThread "Worker-JM" [_thread_blocked, id=27788, stack(0x000000493f900000,0x000000493fa00000)]
  0x00000173ff7cea80 JavaThread "JNA Cleaner" daemon [_thread_blocked, id=22668, stack(0x0000004940a00000,0x0000004940b00000)]
  0x00000173ff7cdb50 JavaThread "Worker-0" [_thread_blocked, id=26992, stack(0x0000004940b00000,0x0000004940c00000)]
  0x00000173ff7ce060 JavaThread "Worker-1" [_thread_blocked, id=24880, stack(0x0000004940c00000,0x0000004940d00000)]
  0x00000173ff7cef90 JavaThread "Java indexing" daemon [_thread_blocked, id=27956, stack(0x0000004940d00000,0x0000004940e00000)]
  0x00000173ff7ce570 JavaThread "Worker-2" [_thread_blocked, id=27212, stack(0x0000004940e00000,0x0000004940f00000)]
  0x00000173ff7cf4a0 JavaThread "Worker-3" [_thread_blocked, id=24464, stack(0x0000004940f00000,0x0000004941000000)]
  0x00000173ff7d03d0 JavaThread "Thread-2" daemon [_thread_in_native, id=27512, stack(0x0000004941000000,0x0000004941100000)]
  0x00000173ff7d08e0 JavaThread "Thread-3" daemon [_thread_in_native, id=17040, stack(0x0000004941100000,0x0000004941200000)]
  0x00000173ff523070 JavaThread "Thread-4" daemon [_thread_in_native, id=26408, stack(0x0000004941200000,0x0000004941300000)]
  0x00000173ff5258f0 JavaThread "Thread-5" daemon [_thread_in_native, id=22876, stack(0x0000004941300000,0x0000004941400000)]
  0x00000173ff522b60 JavaThread "Thread-6" daemon [_thread_in_native, id=28308, stack(0x0000004941400000,0x0000004941500000)]
  0x00000173ff525e00 JavaThread "Thread-7" daemon [_thread_in_native, id=3380, stack(0x0000004941500000,0x0000004941600000)]
  0x00000173ff523fa0 JavaThread "Thread-8" daemon [_thread_in_native, id=22560, stack(0x0000004941600000,0x0000004941700000)]
  0x00000173ff526310 JavaThread "Thread-9" daemon [_thread_in_native, id=16500, stack(0x0000004941700000,0x0000004941800000)]
  0x00000173ff5253e0 JavaThread "Thread-10" daemon [_thread_in_native, id=17364, stack(0x0000004941800000,0x0000004941900000)]
  0x00000173ff523580 JavaThread "pool-2-thread-1" [_thread_blocked, id=30788, stack(0x0000004941900000,0x0000004941a00000)]
  0x00000173ff523a90 JavaThread "Worker-4" [_thread_blocked, id=15648, stack(0x0000004941a00000,0x0000004941b00000)]
  0x00000173ff5249c0 JavaThread "Worker-5" [_thread_blocked, id=26800, stack(0x0000004941b00000,0x0000004941c00000)]
  0x00000173ff524ed0 JavaThread "WorkspaceEventsHandler" [_thread_blocked, id=9984, stack(0x0000004941c00000,0x0000004941d00000)]
  0x00000173933fbf80 JavaThread "pool-1-thread-1" [_thread_blocked, id=6272, stack(0x0000004941d00000,0x0000004941e00000)]
  0x00000173933fd3c0 JavaThread "LocalFile Deleter" daemon [_thread_blocked, id=11704, stack(0x0000004941e00000,0x0000004941f00000)]
  0x00000173933fc490 JavaThread "LocalFile Deleter" daemon [_thread_blocked, id=25376, stack(0x0000004941f00000,0x0000004942000000)]
  0x00000173933fb560 JavaThread "LocalFile Deleter" daemon [_thread_blocked, id=21820, stack(0x0000004942000000,0x0000004942100000)]
  0x00000173933fd8d0 JavaThread "LocalFile Deleter" daemon [_thread_blocked, id=30756, stack(0x0000004942100000,0x0000004942200000)]
  0x00000173933fdde0 JavaThread "LocalFile Deleter" daemon [_thread_blocked, id=14436, stack(0x0000004942200000,0x0000004942300000)]
  0x00000173933fba70 JavaThread "Compiler Source File Reader" daemon [_thread_blocked, id=26484, stack(0x0000004942300000,0x0000004942400000)]
  0x00000173933fa630 JavaThread "Compiler Processing Task" daemon [_thread_blocked, id=24580, stack(0x0000004940900000,0x0000004940a00000)]
  0x00000173933fab40 JavaThread "Compiler Source File Reader" daemon [_thread_blocked, id=30628, stack(0x0000004942500000,0x0000004942600000)]
  0x00000173ff7cfec0 JavaThread "Compiler Class File Writer" daemon [_thread_blocked, id=27636, stack(0x0000004942600000,0x0000004942700000)]
  0x00000173ff7cd130 JavaThread "Compiler Class File Writer" daemon [_thread_blocked, id=19828, stack(0x0000004942700000,0x0000004942800000)]
  0x000001739dd37e40 JavaThread "ForkJoinPool.commonPool-worker-1" daemon [_thread_blocked, id=23772, stack(0x0000004942c00000,0x0000004942d00000)]
  0x000001739dd35fe0 JavaThread "Worker-6" [_thread_blocked, id=12640, stack(0x0000004942800000,0x0000004942900000)]
  0x000001739dd37930 JavaThread "ForkJoinPool.commonPool-worker-2" daemon [_thread_blocked, id=28632, stack(0x0000004942900000,0x0000004942a00000)]
  0x000001739dd3b5f0 JavaThread "ForkJoinPool.commonPool-worker-3" daemon [_thread_blocked, id=25368, stack(0x0000004942a00000,0x0000004942b00000)]
  0x000001739dd39790 JavaThread "ForkJoinPool.commonPool-worker-4" daemon [_thread_blocked, id=25568, stack(0x0000004942b00000,0x0000004942c00000)]
  0x000001739dd34180 JavaThread "ForkJoinPool.commonPool-worker-5" daemon [_thread_blocked, id=17804, stack(0x0000004942d00000,0x0000004942e00000)]
  0x000001739dd3a1b0 JavaThread "ForkJoinPool.commonPool-worker-6" daemon [_thread_in_vm, id=26900, stack(0x0000004942e00000,0x0000004942f00000)]
  0x000001739dd364f0 JavaThread "ForkJoinPool.commonPool-worker-7" daemon [_thread_blocked, id=28820, stack(0x0000004942f00000,0x0000004943000000)]
  0x000001739dd3bb00 JavaThread "Compiler Source File Reader" daemon [_thread_blocked, id=7548, stack(0x0000004943100000,0x0000004943200000)]
  0x000001739dd36f10 JavaThread "Compiler Class File Writer" daemon [_thread_blocked, id=18344, stack(0x0000004943000000,0x0000004943100000)]
  0x000001739dd3a6c0 JavaThread "Compiler Class File Writer" daemon [_thread_blocked, id=4016, stack(0x0000004943200000,0x0000004943300000)]
  0x000001739dd37420 JavaThread "Cleaner-0" daemon [_thread_blocked, id=23924, stack(0x0000004943300000,0x0000004943400000)]
  0x000001739dd38350 JavaThread "Java Debug Server" daemon [_thread_in_native, id=18476, stack(0x0000004943400000,0x0000004943500000)]
  0x000001739dd38860 JavaThread "pool-3-thread-1" [_thread_blocked, id=20872, stack(0x0000004943500000,0x0000004943600000)]
  0x000001739dd38d70 JavaThread "RxSchedulerPurge-1" daemon [_thread_blocked, id=18600, stack(0x0000004943600000,0x0000004943700000)]
  0x000001739dd3b0e0 JavaThread "RxCachedWorkerPoolEvictor-1" daemon [_thread_blocked, id=27572, stack(0x0000004943700000,0x0000004943800000)]
  0x000001739dd355c0 JavaThread "process reaper" daemon [_thread_blocked, id=29676, stack(0x000000493e570000,0x000000493e590000)]
  0x000001739dd350b0 JavaThread "pool-3-thread-2" [_thread_blocked, id=17696, stack(0x0000004943a00000,0x0000004943b00000)]
  0x00000173feb983b0 JavaThread "process reaper" daemon [_thread_blocked, id=5232, stack(0x000000493e590000,0x000000493e5b0000)]

Other Threads:
  0x00000173fd4514b0 VMThread "VM Thread" [stack: 0x000000493ee00000,0x000000493ef00000] [id=27020]
  0x00000173fe687930 WatcherThread [stack: 0x000000493fb00000,0x000000493fc00000] [id=13684]
  0x00000173f7599f70 GCTaskThread "GC Thread#0" [stack: 0x000000493ed00000,0x000000493ee00000] [id=31508]
  0x00000173fe8a1050 GCTaskThread "GC Thread#1" [stack: 0x000000493fc00000,0x000000493fd00000] [id=28776]
  0x00000173feb39150 GCTaskThread "GC Thread#2" [stack: 0x000000493fd00000,0x000000493fe00000] [id=25564]
  0x00000173feb39410 GCTaskThread "GC Thread#3" [stack: 0x000000493fe00000,0x000000493ff00000] [id=27724]
  0x00000173feb396d0 GCTaskThread "GC Thread#4" [stack: 0x000000493ff00000,0x0000004940000000] [id=500]
  0x00000173feb39990 GCTaskThread "GC Thread#5" [stack: 0x0000004940000000,0x0000004940100000] [id=30040]
  0x00000173feb39c50 GCTaskThread "GC Thread#6" [stack: 0x0000004940100000,0x0000004940200000] [id=30128]
  0x00000173feca20c0 GCTaskThread "GC Thread#7" [stack: 0x0000004940600000,0x0000004940700000] [id=11532]

Threads with active compile tasks:
C2 CompilerThread0    63230 11389   !   4       org.eclipse.jdt.internal.compiler.lookup.BinaryTypeBinding::superInterfaces (286 bytes)

VM state: not at safepoint (normal execution)

VM Mutex/Monitor currently owned by a thread: None

Heap address: 0x00000000c0000000, size: 1024 MB, Compressed Oops mode: 32-bit

CDS archive(s) not mapped
Compressed class space mapped at: 0x0000000100000000-0x0000000140000000, reserved size: 1073741824
Narrow klass base: 0x0000000000000000, Narrow klass shift: 3, Narrow klass range: 0x140000000

GC Precious Log:
 CPUs: 8 total, 8 available
 Memory: 8006M
 Large Page Support: Disabled
 NUMA Support: Disabled
 Compressed Oops: Enabled (32-bit)
 Alignments: Space 512K, Generation 512K, Heap 2M
 Heap Min Capacity: 100M
 Heap Initial Capacity: 100M
 Heap Max Capacity: 1G
 Pre-touch: Disabled
 Parallel Workers: 8

Heap:
 PSYoungGen      total 75264K, used 73407K [0x00000000eab00000, 0x00000000f2080000, 0x0000000100000000)
  eden space 30720K, 93% used [0x00000000eab00000,0x00000000ec733200,0x00000000ec900000)
  from space 44544K, 99% used [0x00000000ef500000,0x00000000f207cc98,0x00000000f2080000)
  to   space 41984K, 0% used [0x00000000ec900000,0x00000000ec900000,0x00000000ef200000)
 ParOldGen       total 699392K, used 488850K [0x00000000c0000000, 0x00000000eab00000, 0x00000000eab00000)
  object space 699392K, 69% used [0x00000000c0000000,0x00000000ddd649e0,0x00000000eab00000)
 Metaspace       used 76855K, committed 78208K, reserved 1179648K
  class space    used 8162K, committed 8768K, reserved 1048576K

Card table byte_map: [0x00000173f6f20000,0x00000173f7130000] _byte_map_base: 0x00000173f6920000

Marking Bits: (ParMarkBitMap*) 0x00007ffbaa746940
 Begin Bits: [0x00000173fa210000, 0x00000173fb210000)
 End Bits:   [0x00000173fb210000, 0x00000173fc210000)

Polling page: 0x00000173f56f0000

Metaspace:

Usage:
  Non-class:     67.08 MB used.
      Class:      7.97 MB used.
       Both:     75.05 MB used.

Virtual space:
  Non-class space:      128.00 MB reserved,      67.81 MB ( 53%) committed,  2 nodes.
      Class space:        1.00 GB reserved,       8.56 MB ( <1%) committed,  1 nodes.
             Both:        1.12 GB reserved,      76.38 MB (  7%) committed. 

Chunk freelists:
   Non-Class:  12.14 MB
       Class:  7.32 MB
        Both:  19.46 MB

MaxMetaspaceSize: unlimited
CompressedClassSpaceSize: 1.00 GB
Initial GC threshold: 21.00 MB
Current GC threshold: 127.19 MB
CDS: off
MetaspaceReclaimPolicy: balanced
 - commit_granule_bytes: 65536.
 - commit_granule_words: 8192.
 - virtual_space_node_default_size: 8388608.
 - enlarge_chunks_in_place: 1.
 - new_chunks_are_fully_committed: 0.
 - uncommit_free_chunks: 1.
 - use_allocation_guard: 0.
 - handle_deallocations: 1.


Internal statistics:

num_allocs_failed_limit: 9.
num_arena_births: 914.
num_arena_deaths: 24.
num_vsnodes_births: 3.
num_vsnodes_deaths: 0.
num_space_committed: 1222.
num_space_uncommitted: 0.
num_chunks_returned_to_freelist: 35.
num_chunks_taken_from_freelist: 4202.
num_chunk_merges: 9.
num_chunk_splits: 2569.
num_chunks_enlarged: 1448.
num_inconsistent_stats: 0.

CodeHeap 'non-profiled nmethods': size=120000Kb used=6580Kb max_used=6580Kb free=113420Kb
 bounds [0x0000017387ad0000, 0x0000017388140000, 0x000001738f000000]
CodeHeap 'profiled nmethods': size=120000Kb used=18406Kb max_used=18953Kb free=101593Kb
 bounds [0x0000017380000000, 0x0000017381290000, 0x0000017387530000]
CodeHeap 'non-nmethods': size=5760Kb used=1409Kb max_used=1502Kb free=4351Kb
 bounds [0x0000017387530000, 0x00000173877a0000, 0x0000017387ad0000]
 total_blobs=9915 nmethods=9143 adapters=681
 compilation: enabled
              stopped_count=0, restarted_count=0
 full_count=0

Compilation events (20 events):
Event: 63.127 Thread 0x00000173fd4a0140 11417   !   3       org.eclipse.jdt.core.dom.VariableDeclaration::getName (61 bytes)
Event: 63.129 Thread 0x00000173fd4a0140 nmethod 11417 0x0000017380fce510 code [0x0000017380fce780, 0x0000017380fcf308]
Event: 63.129 Thread 0x00000173fd4a0140 11418   !   3       org.eclipse.jdt.core.dom.ClassInstanceCreation::getType (64 bytes)
Event: 63.131 Thread 0x00000173fd4a0140 nmethod 11418 0x0000017380b67190 code [0x0000017380b67400, 0x0000017380b67f28]
Event: 63.131 Thread 0x00000173fd4a0140 11415       3       org.eclipse.jdt.core.dom.BindingComparator::isEqual (60 bytes)
Event: 63.135 Thread 0x00000173fd4a0140 nmethod 11415 0x00000173808f8810 code [0x00000173808f8a20, 0x00000173808f90f8]
Event: 63.135 Thread 0x00000173fd4a0140 11409       3       org.eclipse.jdt.core.dom.ASTVisitor::endVisit (1 bytes)
Event: 63.135 Thread 0x00000173fd4a0140 nmethod 11409 0x00000173800e5a10 code [0x00000173800e5ba0, 0x00000173800e5cb8]
Event: 63.135 Thread 0x00000173fd4a0140 11410   !   3       org.eclipse.jdt.core.dom.MethodDeclaration::getReturnType2 (82 bytes)
Event: 63.138 Thread 0x00000173fd4a0140 nmethod 11410 0x00000173810a5590 code [0x00000173810a5820, 0x00000173810a6458]
Event: 63.138 Thread 0x00000173fd4a0140 11408       3       org.eclipse.jdt.core.dom.PrimitiveType::accept0 (37 bytes)
Event: 63.138 Thread 0x00000173fd4a0140 nmethod 11408 0x0000017380f9e110 code [0x0000017380f9e2e0, 0x0000017380f9e648]
Event: 63.139 Thread 0x00000173fd4a0140 11421       1       org.eclipse.jdt.core.dom.ASTVisitor::visit (2 bytes)
Event: 63.139 Thread 0x00000173fd4a0140 nmethod 11421 0x000001738813c110 code [0x000001738813c2a0, 0x000001738813c378]
Event: 63.139 Thread 0x00000173fd4a0140 11422   !   3       org.eclipse.jdt.core.dom.VariableDeclarationStatement::getType (59 bytes)
Event: 63.140 Thread 0x00000173fd4a0140 nmethod 11422 0x0000017380aaf210 code [0x0000017380aaf480, 0x0000017380aafee8]
Event: 63.140 Thread 0x00000173fd4a0140 11423       1       org.eclipse.jdt.core.dom.ASTVisitor::visit (2 bytes)
Event: 63.141 Thread 0x00000173fd4a0140 nmethod 11423 0x000001738813c410 code [0x000001738813c5a0, 0x000001738813c678]
Event: 63.141 Thread 0x00000173fd4a0140 11424       3       org.eclipse.jdt.core.dom.VariableBinding::getModifiers (37 bytes)
Event: 63.143 Thread 0x00000173fd4a0140 nmethod 11424 0x000001738027eb90 code [0x000001738027ed60, 0x000001738027f298]

GC Heap History (20 events):
Event: 56.412 GC heap before
{Heap before GC invocations=278 (full 71):
 PSYoungGen      total 75264K, used 48447K [0x00000000eab00000, 0x00000000f2100000, 0x0000000100000000)
  eden space 39936K, 99% used [0x00000000eab00000,0x00000000ed1ffff8,0x00000000ed200000)
  from space 35328K, 24% used [0x00000000ed200000,0x00000000eda4fe18,0x00000000ef480000)
  to   space 37888K, 0% used [0x00000000efc00000,0x00000000efc00000,0x00000000f2100000)
 ParOldGen       total 455680K, used 455179K [0x00000000c0000000, 0x00000000dbd00000, 0x00000000eab00000)
  object space 455680K, 99% used [0x00000000c0000000,0x00000000dbc82ea0,0x00000000dbd00000)
 Metaspace       used 76755K, committed 78144K, reserved 1179648K
  class space    used 8160K, committed 8768K, reserved 1048576K
}
Event: 56.669 GC heap after
{Heap after GC invocations=278 (full 71):
 PSYoungGen      total 75264K, used 48447K [0x00000000eab00000, 0x00000000f2100000, 0x0000000100000000)
  eden space 39936K, 99% used [0x00000000eab00000,0x00000000ed1fffb0,0x00000000ed200000)
  from space 35328K, 24% used [0x00000000ed200000,0x00000000eda4fe18,0x00000000ef480000)
  to   space 37888K, 0% used [0x00000000efc00000,0x00000000efc00000,0x00000000f2100000)
 ParOldGen       total 455680K, used 455177K [0x00000000c0000000, 0x00000000dbd00000, 0x00000000eab00000)
  object space 455680K, 99% used [0x00000000c0000000,0x00000000dbc82438,0x00000000dbd00000)
 Metaspace       used 76755K, committed 78144K, reserved 1179648K
  class space    used 8160K, committed 8768K, reserved 1048576K
}
Event: 56.669 GC heap before
{Heap before GC invocations=279 (full 72):
 PSYoungGen      total 75264K, used 48447K [0x00000000eab00000, 0x00000000f2100000, 0x0000000100000000)
  eden space 39936K, 99% used [0x00000000eab00000,0x00000000ed1ffff0,0x00000000ed200000)
  from space 35328K, 24% used [0x00000000ed200000,0x00000000eda4fe18,0x00000000ef480000)
  to   space 37888K, 0% used [0x00000000efc00000,0x00000000efc00000,0x00000000f2100000)
 ParOldGen       total 455680K, used 455177K [0x00000000c0000000, 0x00000000dbd00000, 0x00000000eab00000)
  object space 455680K, 99% used [0x00000000c0000000,0x00000000dbc82438,0x00000000dbd00000)
 Metaspace       used 76755K, committed 78144K, reserved 1179648K
  class space    used 8160K, committed 8768K, reserved 1048576K
}
Event: 56.895 GC heap after
{Heap after GC invocations=279 (full 72):
 PSYoungGen      total 75264K, used 48447K [0x00000000eab00000, 0x00000000f2100000, 0x0000000100000000)
  eden space 39936K, 99% used [0x00000000eab00000,0x00000000ed1fffb0,0x00000000ed200000)
  from space 35328K, 24% used [0x00000000ed200000,0x00000000eda4fe18,0x00000000ef480000)
  to   space 37888K, 0% used [0x00000000efc00000,0x00000000efc00000,0x00000000f2100000)
 ParOldGen       total 455680K, used 455177K [0x00000000c0000000, 0x00000000dbd00000, 0x00000000eab00000)
  object space 455680K, 99% used [0x00000000c0000000,0x00000000dbc82418,0x00000000dbd00000)
 Metaspace       used 76755K, committed 78144K, reserved 1179648K
  class space    used 8160K, committed 8768K, reserved 1048576K
}
Event: 56.896 GC heap before
{Heap before GC invocations=280 (full 73):
 PSYoungGen      total 75264K, used 48447K [0x00000000eab00000, 0x00000000f2100000, 0x0000000100000000)
  eden space 39936K, 100% used [0x00000000eab00000,0x00000000ed200000,0x00000000ed200000)
  from space 35328K, 24% used [0x00000000ed200000,0x00000000eda4fe18,0x00000000ef480000)
  to   space 37888K, 0% used [0x00000000efc00000,0x00000000efc00000,0x00000000f2100000)
 ParOldGen       total 455680K, used 455177K [0x00000000c0000000, 0x00000000dbd00000, 0x00000000eab00000)
  object space 455680K, 99% used [0x00000000c0000000,0x00000000dbc82418,0x00000000dbd00000)
 Metaspace       used 76755K, committed 78144K, reserved 1179648K
  class space    used 8160K, committed 8768K, reserved 1048576K
}
Event: 57.122 GC heap after
{Heap after GC invocations=280 (full 73):
 PSYoungGen      total 75264K, used 48447K [0x00000000eab00000, 0x00000000f2100000, 0x0000000100000000)
  eden space 39936K, 99% used [0x00000000eab00000,0x00000000ed1fffd0,0x00000000ed200000)
  from space 35328K, 24% used [0x00000000ed200000,0x00000000eda4fe18,0x00000000ef480000)
  to   space 37888K, 0% used [0x00000000efc00000,0x00000000efc00000,0x00000000f2100000)
 ParOldGen       total 455680K, used 455177K [0x00000000c0000000, 0x00000000dbd00000, 0x00000000eab00000)
  object space 455680K, 99% used [0x00000000c0000000,0x00000000dbc82418,0x00000000dbd00000)
 Metaspace       used 76755K, committed 78144K, reserved 1179648K
  class space    used 8160K, committed 8768K, reserved 1048576K
}
Event: 57.122 GC heap before
{Heap before GC invocations=281 (full 74):
 PSYoungGen      total 75264K, used 48447K [0x00000000eab00000, 0x00000000f2100000, 0x0000000100000000)
  eden space 39936K, 99% used [0x00000000eab00000,0x00000000ed1ffff8,0x00000000ed200000)
  from space 35328K, 24% used [0x00000000ed200000,0x00000000eda4fe18,0x00000000ef480000)
  to   space 37888K, 0% used [0x00000000efc00000,0x00000000efc00000,0x00000000f2100000)
 ParOldGen       total 455680K, used 455177K [0x00000000c0000000, 0x00000000dbd00000, 0x00000000eab00000)
  object space 455680K, 99% used [0x00000000c0000000,0x00000000dbc82418,0x00000000dbd00000)
 Metaspace       used 76755K, committed 78144K, reserved 1179648K
  class space    used 8160K, committed 8768K, reserved 1048576K
}
Event: 57.337 GC heap after
{Heap after GC invocations=281 (full 74):
 PSYoungGen      total 75264K, used 48447K [0x00000000eab00000, 0x00000000f2100000, 0x0000000100000000)
  eden space 39936K, 99% used [0x00000000eab00000,0x00000000ed1fffc8,0x00000000ed200000)
  from space 35328K, 24% used [0x00000000ed200000,0x00000000eda4fe18,0x00000000ef480000)
  to   space 37888K, 0% used [0x00000000efc00000,0x00000000efc00000,0x00000000f2100000)
 ParOldGen       total 455680K, used 455176K [0x00000000c0000000, 0x00000000dbd00000, 0x00000000eab00000)
  object space 455680K, 99% used [0x00000000c0000000,0x00000000dbc823a8,0x00000000dbd00000)
 Metaspace       used 76755K, committed 78144K, reserved 1179648K
  class space    used 8160K, committed 8768K, reserved 1048576K
}
Event: 57.337 GC heap before
{Heap before GC invocations=282 (full 75):
 PSYoungGen      total 75264K, used 48447K [0x00000000eab00000, 0x00000000f2100000, 0x0000000100000000)
  eden space 39936K, 100% used [0x00000000eab00000,0x00000000ed200000,0x00000000ed200000)
  from space 35328K, 24% used [0x00000000ed200000,0x00000000eda4fe18,0x00000000ef480000)
  to   space 37888K, 0% used [0x00000000efc00000,0x00000000efc00000,0x00000000f2100000)
 ParOldGen       total 455680K, used 455176K [0x00000000c0000000, 0x00000000dbd00000, 0x00000000eab00000)
  object space 455680K, 99% used [0x00000000c0000000,0x00000000dbc823a8,0x00000000dbd00000)
 Metaspace       used 76755K, committed 78144K, reserved 1179648K
  class space    used 8160K, committed 8768K, reserved 1048576K
}
Event: 57.555 GC heap after
{Heap after GC invocations=282 (full 75):
 PSYoungGen      total 75264K, used 48447K [0x00000000eab00000, 0x00000000f2100000, 0x0000000100000000)
  eden space 39936K, 100% used [0x00000000eab00000,0x00000000ed200000,0x00000000ed200000)
  from space 35328K, 24% used [0x00000000ed200000,0x00000000eda4fe18,0x00000000ef480000)
  to   space 37888K, 0% used [0x00000000efc00000,0x00000000efc00000,0x00000000f2100000)
 ParOldGen       total 455680K, used 455176K [0x00000000c0000000, 0x00000000dbd00000, 0x00000000eab00000)
  object space 455680K, 99% used [0x00000000c0000000,0x00000000dbc823a8,0x00000000dbd00000)
 Metaspace       used 76755K, committed 78144K, reserved 1179648K
  class space    used 8160K, committed 8768K, reserved 1048576K
}
Event: 57.555 GC heap before
{Heap before GC invocations=283 (full 76):
 PSYoungGen      total 75264K, used 48447K [0x00000000eab00000, 0x00000000f2100000, 0x0000000100000000)
  eden space 39936K, 100% used [0x00000000eab00000,0x00000000ed200000,0x00000000ed200000)
  from space 35328K, 24% used [0x00000000ed200000,0x00000000eda4fe18,0x00000000ef480000)
  to   space 37888K, 0% used [0x00000000efc00000,0x00000000efc00000,0x00000000f2100000)
 ParOldGen       total 455680K, used 455179K [0x00000000c0000000, 0x00000000dbd00000, 0x00000000eab00000)
  object space 455680K, 99% used [0x00000000c0000000,0x00000000dbc82ee8,0x00000000dbd00000)
 Metaspace       used 76755K, committed 78144K, reserved 1179648K
  class space    used 8160K, committed 8768K, reserved 1048576K
}
Event: 57.822 GC heap after
{Heap after GC invocations=283 (full 76):
 PSYoungGen      total 75264K, used 48447K [0x00000000eab00000, 0x00000000f2100000, 0x0000000100000000)
  eden space 39936K, 99% used [0x00000000eab00000,0x00000000ed1fffe8,0x00000000ed200000)
  from space 35328K, 24% used [0x00000000ed200000,0x00000000eda4fe18,0x00000000ef480000)
  to   space 37888K, 0% used [0x00000000efc00000,0x00000000efc00000,0x00000000f2100000)
 ParOldGen       total 455680K, used 455178K [0x00000000c0000000, 0x00000000dbd00000, 0x00000000eab00000)
  object space 455680K, 99% used [0x00000000c0000000,0x00000000dbc82a28,0x00000000dbd00000)
 Metaspace       used 76755K, committed 78144K, reserved 1179648K
  class space    used 8160K, committed 8768K, reserved 1048576K
}
Event: 57.823 GC heap before
{Heap before GC invocations=284 (full 77):
 PSYoungGen      total 75264K, used 48447K [0x00000000eab00000, 0x00000000f2100000, 0x0000000100000000)
  eden space 39936K, 100% used [0x00000000eab00000,0x00000000ed200000,0x00000000ed200000)
  from space 35328K, 24% used [0x00000000ed200000,0x00000000eda4fe18,0x00000000ef480000)
  to   space 37888K, 0% used [0x00000000efc00000,0x00000000efc00000,0x00000000f2100000)
 ParOldGen       total 455680K, used 455178K [0x00000000c0000000, 0x00000000dbd00000, 0x00000000eab00000)
  object space 455680K, 99% used [0x00000000c0000000,0x00000000dbc82a28,0x00000000dbd00000)
 Metaspace       used 76755K, committed 78144K, reserved 1179648K
  class space    used 8160K, committed 8768K, reserved 1048576K
}
Event: 58.057 GC heap after
{Heap after GC invocations=284 (full 77):
 PSYoungGen      total 75264K, used 48447K [0x00000000eab00000, 0x00000000f2100000, 0x0000000100000000)
  eden space 39936K, 100% used [0x00000000eab00000,0x00000000ed200000,0x00000000ed200000)
  from space 35328K, 24% used [0x00000000ed200000,0x00000000eda4fe18,0x00000000ef480000)
  to   space 37888K, 0% used [0x00000000efc00000,0x00000000efc00000,0x00000000f2100000)
 ParOldGen       total 699392K, used 455178K [0x00000000c0000000, 0x00000000eab00000, 0x00000000eab00000)
  object space 699392K, 65% used [0x00000000c0000000,0x00000000dbc82a28,0x00000000eab00000)
 Metaspace       used 76755K, committed 78144K, reserved 1179648K
  class space    used 8160K, committed 8768K, reserved 1048576K
}
Event: 58.058 GC heap before
{Heap before GC invocations=285 (full 77):
 PSYoungGen      total 75264K, used 48447K [0x00000000eab00000, 0x00000000f2100000, 0x0000000100000000)
  eden space 39936K, 100% used [0x00000000eab00000,0x00000000ed200000,0x00000000ed200000)
  from space 35328K, 24% used [0x00000000ed200000,0x00000000eda4fe18,0x00000000ef480000)
  to   space 37888K, 0% used [0x00000000efc00000,0x00000000efc00000,0x00000000f2100000)
 ParOldGen       total 699392K, used 455180K [0x00000000c0000000, 0x00000000eab00000, 0x00000000eab00000)
  object space 699392K, 65% used [0x00000000c0000000,0x00000000dbc833d8,0x00000000eab00000)
 Metaspace       used 76755K, committed 78144K, reserved 1179648K
  class space    used 8160K, committed 8768K, reserved 1048576K
}
Event: 58.297 GC heap after
{Heap after GC invocations=285 (full 77):
 PSYoungGen      total 68608K, used 37861K [0x00000000eab00000, 0x00000000f3900000, 0x0000000100000000)
  eden space 30720K, 0% used [0x00000000eab00000,0x00000000eab00000,0x00000000ec900000)
  from space 37888K, 99% used [0x00000000efc00000,0x00000000f20f9740,0x00000000f2100000)
  to   space 52224K, 0% used [0x00000000ec900000,0x00000000ec900000,0x00000000efc00000)
 ParOldGen       total 699392K, used 466478K [0x00000000c0000000, 0x00000000eab00000, 0x00000000eab00000)
  object space 699392K, 66% used [0x00000000c0000000,0x00000000dc78b920,0x00000000eab00000)
 Metaspace       used 76755K, committed 78144K, reserved 1179648K
  class space    used 8160K, committed 8768K, reserved 1048576K
}
Event: 60.290 GC heap before
{Heap before GC invocations=286 (full 77):
 PSYoungGen      total 68608K, used 68581K [0x00000000eab00000, 0x00000000f3900000, 0x0000000100000000)
  eden space 30720K, 100% used [0x00000000eab00000,0x00000000ec900000,0x00000000ec900000)
  from space 37888K, 99% used [0x00000000efc00000,0x00000000f20f9740,0x00000000f2100000)
  to   space 52224K, 0% used [0x00000000ec900000,0x00000000ec900000,0x00000000efc00000)
 ParOldGen       total 699392K, used 466478K [0x00000000c0000000, 0x00000000eab00000, 0x00000000eab00000)
  object space 699392K, 66% used [0x00000000c0000000,0x00000000dc78b920,0x00000000eab00000)
 Metaspace       used 76759K, committed 78144K, reserved 1179648K
  class space    used 8160K, committed 8768K, reserved 1048576K
}
Event: 60.361 GC heap after
{Heap after GC invocations=286 (full 77):
 PSYoungGen      total 72704K, used 41886K [0x00000000eab00000, 0x00000000f2080000, 0x0000000100000000)
  eden space 30720K, 0% used [0x00000000eab00000,0x00000000eab00000,0x00000000ec900000)
  from space 41984K, 99% used [0x00000000ec900000,0x00000000ef1e7b78,0x00000000ef200000)
  to   space 44544K, 0% used [0x00000000ef500000,0x00000000ef500000,0x00000000f2080000)
 ParOldGen       total 699392K, used 485181K [0x00000000c0000000, 0x00000000eab00000, 0x00000000eab00000)
  object space 699392K, 69% used [0x00000000c0000000,0x00000000dd9cf5e8,0x00000000eab00000)
 Metaspace       used 76759K, committed 78144K, reserved 1179648K
  class space    used 8160K, committed 8768K, reserved 1048576K
}
Event: 61.297 GC heap before
{Heap before GC invocations=287 (full 77):
 PSYoungGen      total 72704K, used 72606K [0x00000000eab00000, 0x00000000f2080000, 0x0000000100000000)
  eden space 30720K, 100% used [0x00000000eab00000,0x00000000ec900000,0x00000000ec900000)
  from space 41984K, 99% used [0x00000000ec900000,0x00000000ef1e7b78,0x00000000ef200000)
  to   space 44544K, 0% used [0x00000000ef500000,0x00000000ef500000,0x00000000f2080000)
 ParOldGen       total 699392K, used 485181K [0x00000000c0000000, 0x00000000eab00000, 0x00000000eab00000)
  object space 699392K, 69% used [0x00000000c0000000,0x00000000dd9cf5e8,0x00000000eab00000)
 Metaspace       used 76793K, committed 78144K, reserved 1179648K
  class space    used 8161K, committed 8768K, reserved 1048576K
}
Event: 61.360 GC heap after
{Heap after GC invocations=287 (full 77):
 PSYoungGen      total 75264K, used 44531K [0x00000000eab00000, 0x00000000f2080000, 0x0000000100000000)
  eden space 30720K, 0% used [0x00000000eab00000,0x00000000eab00000,0x00000000ec900000)
  from space 44544K, 99% used [0x00000000ef500000,0x00000000f207cc98,0x00000000f2080000)
  to   space 41984K, 0% used [0x00000000ec900000,0x00000000ec900000,0x00000000ef200000)
 ParOldGen       total 699392K, used 488850K [0x00000000c0000000, 0x00000000eab00000, 0x00000000eab00000)
  object space 699392K, 69% used [0x00000000c0000000,0x00000000ddd649e0,0x00000000eab00000)
 Metaspace       used 76793K, committed 78144K, reserved 1179648K
  class space    used 8161K, committed 8768K, reserved 1048576K
}

Dll operation events (11 events):
Event: 0.009 Loaded shared library c:\Users\musaw\.vscode\extensions\redhat.java-1.36.0-win32-x64\jre\17.0.13-win32-x86_64\bin\java.dll
Event: 0.165 Loaded shared library c:\Users\musaw\.vscode\extensions\redhat.java-1.36.0-win32-x64\jre\17.0.13-win32-x86_64\bin\zip.dll
Event: 0.168 Loaded shared library C:\Users\musaw\.vscode\extensions\redhat.java-1.36.0-win32-x64\jre\17.0.13-win32-x86_64\bin\instrument.dll
Event: 0.180 Loaded shared library C:\Users\musaw\.vscode\extensions\redhat.java-1.36.0-win32-x64\jre\17.0.13-win32-x86_64\bin\net.dll
Event: 0.183 Loaded shared library C:\Users\musaw\.vscode\extensions\redhat.java-1.36.0-win32-x64\jre\17.0.13-win32-x86_64\bin\nio.dll
Event: 0.190 Loaded shared library C:\Users\musaw\.vscode\extensions\redhat.java-1.36.0-win32-x64\jre\17.0.13-win32-x86_64\bin\zip.dll
Event: 0.207 Loaded shared library C:\Users\musaw\.vscode\extensions\redhat.java-1.36.0-win32-x64\jre\17.0.13-win32-x86_64\bin\jimage.dll
Event: 0.278 Loaded shared library c:\Users\musaw\.vscode\extensions\redhat.java-1.36.0-win32-x64\jre\17.0.13-win32-x86_64\bin\verify.dll
Event: 1.506 Loaded shared library C:\Users\musaw\AppData\Roaming\Code\User\globalStorage\redhat.java\1.36.0\config_win\org.eclipse.equinox.launcher\org.eclipse.equinox.launcher.win32.win32.x86_64_1.2.1100.v20240722-2106\eclipse_11904.dll
Event: 3.470 Loaded shared library C:\Users\musaw\AppData\Local\Temp\jna-104262977\jna12953904027245512423.dll
Event: 19.978 Loaded shared library C:\Users\musaw\.vscode\extensions\redhat.java-1.36.0-win32-x64\jre\17.0.13-win32-x86_64\bin\extnet.dll

Deoptimization events (20 events):
Event: 61.478 Thread 0x00000173ff7cef90 DEOPT PACKING pc=0x0000017380c0c2e4 sp=0x0000004940dfee00
Event: 61.478 Thread 0x00000173ff7cef90 DEOPT UNPACKING pc=0x0000017387586e43 sp=0x0000004940dfe378 mode 0
Event: 61.479 Thread 0x00000173ff7cef90 DEOPT PACKING pc=0x0000017380c2c3d9 sp=0x0000004940dfefb0
Event: 61.481 Thread 0x00000173ff7cef90 DEOPT UNPACKING pc=0x0000017387586e43 sp=0x0000004940dfe4a0 mode 0
Event: 61.627 Thread 0x000001739dd3a1b0 Uncommon trap: trap_request=0xffffff45 fr.pc=0x000001738811c320 relative=0x00000000000004e0
Event: 61.640 Thread 0x000001739dd3a1b0 Uncommon trap: reason=unstable_if action=reinterpret pc=0x000001738811c320 method=org.eclipse.jdt.internal.core.index.DiskIndex.readStreamChars(Ljava/io/InputStream;)[C @ 169 c2
Event: 61.641 Thread 0x000001739dd3a1b0 DEOPT PACKING pc=0x000001738811c320 sp=0x0000004942efe690
Event: 61.648 Thread 0x000001739dd3a1b0 DEOPT UNPACKING pc=0x00000173875866a3 sp=0x0000004942efe5f8 mode 2
Event: 61.769 Thread 0x000001739dd3a1b0 Uncommon trap: trap_request=0xffffff45 fr.pc=0x00000173881218c4 relative=0x0000000000000ee4
Event: 61.769 Thread 0x000001739dd3a1b0 Uncommon trap: reason=unstable_if action=reinterpret pc=0x00000173881218c4 method=org.eclipse.jdt.internal.core.index.DiskIndex.addQueryResult(Lorg/eclipse/jdt/internal/compiler/util/HashtableOfObject;[CLjava/lang/Object;Lorg/eclipse/jdt/internal/core/ind
Event: 61.769 Thread 0x000001739dd3a1b0 DEOPT PACKING pc=0x00000173881218c4 sp=0x0000004942efe860
Event: 61.769 Thread 0x000001739dd3a1b0 DEOPT UNPACKING pc=0x00000173875866a3 sp=0x0000004942efe7d0 mode 2
Event: 62.534 Thread 0x000001739dd3a1b0 Uncommon trap: trap_request=0xffffff45 fr.pc=0x0000017387b48838 relative=0x0000000000000318
Event: 62.534 Thread 0x000001739dd3a1b0 Uncommon trap: reason=unstable_if action=reinterpret pc=0x0000017387b48838 method=java.util.HashMap$HashIterator.<init>(Ljava/util/HashMap;)V @ 45 c2
Event: 62.534 Thread 0x000001739dd3a1b0 DEOPT PACKING pc=0x0000017387b48838 sp=0x0000004942efeae0
Event: 62.534 Thread 0x000001739dd3a1b0 DEOPT UNPACKING pc=0x00000173875866a3 sp=0x0000004942efe9a8 mode 2
Event: 62.827 Thread 0x000001739dd3a1b0 Uncommon trap: trap_request=0xffffff45 fr.pc=0x000001738808283c relative=0x00000000000005fc
Event: 62.827 Thread 0x000001739dd3a1b0 Uncommon trap: reason=unstable_if action=reinterpret pc=0x000001738808283c method=org.eclipse.jdt.core.Signature.checkName([C[CII)I @ 7 c2
Event: 62.836 Thread 0x000001739dd3a1b0 DEOPT PACKING pc=0x000001738808283c sp=0x0000004942efe5f0
Event: 62.837 Thread 0x000001739dd3a1b0 DEOPT UNPACKING pc=0x00000173875866a3 sp=0x0000004942efe548 mode 2

Classes loaded (20 events):
Event: 21.317 Loading class java/util/concurrent/CompletableFuture$UniCompose
Event: 21.317 Loading class java/util/concurrent/CompletableFuture$UniCompose done
Event: 21.317 Loading class java/util/concurrent/CompletableFuture$UniRelay
Event: 21.317 Loading class java/util/concurrent/CompletableFuture$UniRelay done
Event: 21.549 Loading class java/util/concurrent/ScheduledThreadPoolExecutor$DelayedWorkQueue$Itr
Event: 21.551 Loading class java/util/concurrent/ScheduledThreadPoolExecutor$DelayedWorkQueue$Itr done
Event: 24.335 Loading class jdk/internal/reflect/UnsafeLongFieldAccessorImpl
Event: 24.336 Loading class jdk/internal/reflect/UnsafeLongFieldAccessorImpl done
Event: 24.606 Loading class java/util/stream/Streams$RangeIntSpliterator
Event: 24.609 Loading class java/util/stream/Streams$RangeIntSpliterator done
Event: 24.610 Loading class java/util/stream/IntPipeline$1
Event: 24.612 Loading class java/util/stream/IntPipeline$1 done
Event: 24.613 Loading class java/util/stream/IntPipeline$1$1
Event: 24.614 Loading class java/util/stream/IntPipeline$1$1 done
Event: 24.619 Loading class java/lang/ProcessHandleImpl$ExitCompletion
Event: 24.620 Loading class java/lang/ProcessHandleImpl$ExitCompletion done
Event: 24.620 Loading class java/lang/ProcessHandleImpl$1
Event: 24.621 Loading class java/lang/ProcessHandleImpl$1 done
Event: 24.621 Loading class java/util/concurrent/CompletableFuture$UniHandle
Event: 24.621 Loading class java/util/concurrent/CompletableFuture$UniHandle done

Classes unloaded (12 events):
Event: 5.447 Thread 0x00000173fd4514b0 Unloading class 0x0000000100258000 'java/lang/invoke/LambdaForm$MH+0x0000000100258000'
Event: 5.447 Thread 0x00000173fd4514b0 Unloading class 0x0000000100253c00 'java/lang/invoke/LambdaForm$MH+0x0000000100253c00'
Event: 5.447 Thread 0x00000173fd4514b0 Unloading class 0x0000000100253800 'java/lang/invoke/LambdaForm$MH+0x0000000100253800'
Event: 5.447 Thread 0x00000173fd4514b0 Unloading class 0x0000000100253400 'java/lang/invoke/LambdaForm$MH+0x0000000100253400'
Event: 5.447 Thread 0x00000173fd4514b0 Unloading class 0x0000000100253000 'java/lang/invoke/LambdaForm$BMH+0x0000000100253000'
Event: 5.447 Thread 0x00000173fd4514b0 Unloading class 0x0000000100252c00 'java/lang/invoke/LambdaForm$DMH+0x0000000100252c00'
Event: 5.447 Thread 0x00000173fd4514b0 Unloading class 0x0000000100250400 'java/lang/invoke/LambdaForm$DMH+0x0000000100250400'
Event: 10.040 Thread 0x00000173fd4514b0 Unloading class 0x000000010039c000 'java/lang/invoke/LambdaForm$MH+0x000000010039c000'
Event: 10.040 Thread 0x00000173fd4514b0 Unloading class 0x000000010039b400 'java/lang/invoke/LambdaForm$MH+0x000000010039b400'
Event: 10.041 Thread 0x00000173fd4514b0 Unloading class 0x000000010039ac00 'java/lang/invoke/LambdaForm$MH+0x000000010039ac00'
Event: 10.041 Thread 0x00000173fd4514b0 Unloading class 0x000000010039a800 'java/lang/invoke/LambdaForm$MH+0x000000010039a800'
Event: 10.041 Thread 0x00000173fd4514b0 Unloading class 0x0000000100399800 'java/lang/invoke/LambdaForm$MH+0x0000000100399800'

Classes redefined (0 events):
No events

Internal exceptions (20 events):
Event: 19.774 Thread 0x000001739dd37930 Exception <a 'sun/nio/fs/WindowsException'{0x00000000ead43230}> (0x00000000ead43230) 
thrown [s\src\hotspot\share\prims\jni.cpp, line 516]
Event: 19.774 Thread 0x000001739dd37930 Exception <a 'sun/nio/fs/WindowsException'{0x00000000ead67ce0}> (0x00000000ead67ce0) 
thrown [s\src\hotspot\share\prims\jni.cpp, line 516]
Event: 19.774 Thread 0x000001739dd37930 Exception <a 'sun/nio/fs/WindowsException'{0x00000000ead68f68}> (0x00000000ead68f68) 
thrown [s\src\hotspot\share\prims\jni.cpp, line 516]
Event: 19.774 Thread 0x000001739dd37930 Exception <a 'sun/nio/fs/WindowsException'{0x00000000ead89a08}> (0x00000000ead89a08) 
thrown [s\src\hotspot\share\prims\jni.cpp, line 516]
Event: 19.775 Thread 0x000001739dd37930 Exception <a 'sun/nio/fs/WindowsException'{0x00000000ead98b58}> (0x00000000ead98b58) 
thrown [s\src\hotspot\share\prims\jni.cpp, line 516]
Event: 19.775 Thread 0x000001739dd37930 Exception <a 'sun/nio/fs/WindowsException'{0x00000000ead99440}> (0x00000000ead99440) 
thrown [s\src\hotspot\share\prims\jni.cpp, line 516]
Event: 19.930 Thread 0x00000173ff7cef90 Implicit null exception at 0x0000017387f6b870 to 0x0000017387f70c54
Event: 20.110 Thread 0x000001739dd38860 Exception <a 'java/io/FileNotFoundException'{0x00000000eb0caae0}> (0x00000000eb0caae0) 
thrown [s\src\hotspot\share\prims\jni.cpp, line 516]
Event: 20.652 Thread 0x000001739dd38860 Exception <a 'java/lang/NoSuchMethodError'{0x00000000eb0bdbb0}: 'java.lang.Object java.lang.invoke.DirectMethodHandle$Holder.invokeVirtual(java.lang.Object, java.lang.Object, java.lang.Object, java.lang.Object)'> (0x00000000eb0bdbb0) 
thrown [s\src\hotspot\share\interpreter\linkResolver.cpp, line 759]
Event: 20.835 Thread 0x000001739dd39280 Exception <a 'java/lang/NoSuchMethodError'{0x00000000eaf32d80}: 'java.lang.Object java.lang.invoke.DirectMethodHandle$Holder.invokeStatic(java.lang.Object, long, java.lang.Object, java.lang.Object)'> (0x00000000eaf32d80) 
thrown [s\src\hotspot\share\interpreter\linkResolver.cpp, line 759]
Event: 29.109 Thread 0x00000173ff7cef90 Exception <a 'sun/nio/fs/WindowsException'{0x00000000ebb4f3f0}> (0x00000000ebb4f3f0) 
thrown [s\src\hotspot\share\prims\jni.cpp, line 516]
Event: 29.437 Thread 0x00000173ff7cef90 Implicit null exception at 0x0000017387ff6491 to 0x0000017387ffc400
Event: 29.437 Thread 0x00000173ff7cef90 Implicit null exception at 0x0000017387f19693 to 0x0000017387f1cc2c
Event: 34.282 Thread 0x000001739dd364f0 Exception <a 'sun/nio/fs/WindowsException'{0x00000000eb03cc50}> (0x00000000eb03cc50) 
thrown [s\src\hotspot\share\prims\jni.cpp, line 516]
Event: 34.285 Thread 0x000001739dd364f0 Exception <a 'sun/nio/fs/WindowsException'{0x00000000eb9b9b88}> (0x00000000eb9b9b88) 
thrown [s\src\hotspot\share\prims\jni.cpp, line 516]
Event: 34.286 Thread 0x000001739dd364f0 Exception <a 'sun/nio/fs/WindowsException'{0x00000000eb9bae10}> (0x00000000eb9bae10) 
thrown [s\src\hotspot\share\prims\jni.cpp, line 516]
Event: 34.286 Thread 0x000001739dd364f0 Exception <a 'sun/nio/fs/WindowsException'{0x00000000eb9bbc28}> (0x00000000eb9bbc28) 
thrown [s\src\hotspot\share\prims\jni.cpp, line 516]
Event: 34.293 Thread 0x000001739dd364f0 Exception <a 'sun/nio/fs/WindowsException'{0x00000000eba9a1d8}> (0x00000000eba9a1d8) 
thrown [s\src\hotspot\share\prims\jni.cpp, line 516]
Event: 34.293 Thread 0x000001739dd364f0 Exception <a 'sun/nio/fs/WindowsException'{0x00000000eba9aac0}> (0x00000000eba9aac0) 
thrown [s\src\hotspot\share\prims\jni.cpp, line 516]
Event: 60.642 Thread 0x00000173ff7cef90 Exception <a 'sun/nio/fs/WindowsException'{0x00000000eac3f0b0}> (0x00000000eac3f0b0) 
thrown [s\src\hotspot\share\prims\jni.cpp, line 516]

VM Operations (20 events):
Event: 57.122 Executing VM operation: ParallelGCFailedAllocation
Event: 57.337 Executing VM operation: ParallelGCFailedAllocation done
Event: 57.337 Executing VM operation: ParallelGCFailedAllocation
Event: 57.555 Executing VM operation: ParallelGCFailedAllocation done
Event: 57.555 Executing VM operation: ParallelGCFailedAllocation
Event: 57.823 Executing VM operation: ParallelGCFailedAllocation done
Event: 57.823 Executing VM operation: ParallelGCFailedAllocation
Event: 58.057 Executing VM operation: ParallelGCFailedAllocation done
Event: 58.058 Executing VM operation: ParallelGCFailedAllocation
Event: 58.297 Executing VM operation: ParallelGCFailedAllocation done
Event: 59.305 Executing VM operation: Cleanup
Event: 59.306 Executing VM operation: Cleanup done
Event: 60.111 Executing VM operation: HandshakeAllThreads
Event: 60.111 Executing VM operation: HandshakeAllThreads done
Event: 60.290 Executing VM operation: ParallelGCFailedAllocation
Event: 60.361 Executing VM operation: ParallelGCFailedAllocation done
Event: 61.297 Executing VM operation: ParallelGCFailedAllocation
Event: 61.360 Executing VM operation: ParallelGCFailedAllocation done
Event: 62.373 Executing VM operation: Cleanup
Event: 62.468 Executing VM operation: Cleanup done

Memory protections (0 events):
No events

Nmethod flushes (20 events):
Event: 19.771 Thread 0x00000173fd4ad220 flushing  nmethod 0x00000173810a4b90
Event: 19.771 Thread 0x00000173fd4ad220 flushing  nmethod 0x00000173810a4f10
Event: 19.771 Thread 0x00000173fd4ad220 flushing  nmethod 0x00000173810a5310
Event: 19.771 Thread 0x00000173fd4ad220 flushing  nmethod 0x00000173810a6790
Event: 19.771 Thread 0x00000173fd4ad220 flushing  nmethod 0x00000173810bc790
Event: 19.772 Thread 0x00000173fd4ad220 flushing  nmethod 0x00000173810ee390
Event: 19.772 Thread 0x00000173fd4ad220 flushing  nmethod 0x0000017381120690
Event: 19.772 Thread 0x00000173fd4ad220 flushing osr nmethod 0x0000017381134b10
Event: 19.772 Thread 0x00000173fd4ad220 flushing  nmethod 0x000001738116f190
Event: 19.772 Thread 0x00000173fd4ad220 flushing  nmethod 0x0000017381202390
Event: 19.772 Thread 0x00000173fd4ad220 flushing  nmethod 0x0000017381202710
Event: 19.772 Thread 0x00000173fd4ad220 flushing  nmethod 0x000001738120bf10
Event: 19.772 Thread 0x00000173fd4ad220 flushing  nmethod 0x000001738120cc10
Event: 31.458 Thread 0x00000173fd4ad220 flushing  nmethod 0x000001738085e290
Event: 31.459 Thread 0x00000173fd4ad220 flushing  nmethod 0x000001738088e090
Event: 32.127 Thread 0x00000173fd4ad220 flushing  nmethod 0x0000017380c14410
Event: 32.128 Thread 0x00000173fd4ad220 flushing  nmethod 0x0000017380c9fc10
Event: 32.128 Thread 0x00000173fd4ad220 flushing  nmethod 0x0000017380ca0810
Event: 32.128 Thread 0x00000173fd4ad220 flushing  nmethod 0x0000017380cafc90
Event: 32.129 Thread 0x00000173fd4ad220 flushing  nmethod 0x0000017380cfb890

Events (20 events):
Event: 20.507 Thread 0x000001739dd38860 Thread added: 0x000001739dd38d70
Event: 20.517 Thread 0x000001739dd38860 Thread added: 0x000001739dd3b0e0
Event: 20.830 Thread 0x000001739dd38860 Thread added: 0x000001739dd39280
Event: 21.312 Thread 0x000001739dd39280 Thread added: 0x000001739dd3abd0
Event: 23.678 Thread 0x00000173ff5fc890 Thread exited: 0x00000173ff5fc890
Event: 24.320 Thread 0x000001739dd38860 Thread added: 0x000001739dd350b0
Event: 24.331 Thread 0x000001739dd3abd0 Thread exited: 0x000001739dd3abd0
Event: 24.621 Thread 0x000001739dd350b0 Thread added: 0x000001739dd355c0
Event: 24.626 Thread 0x000001739dd350b0 Thread exited: 0x000001739dd350b0
Event: 32.613 Thread 0x00000173fd4a0140 Thread added: 0x0000017394252580
Event: 33.426 Thread 0x0000017394252580 Thread exited: 0x0000017394252580
Event: 34.629 Thread 0x000001739dd38350 Thread added: 0x000001739dd350b0
Event: 34.895 Thread 0x000001739dd350b0 Thread added: 0x00000173933fb050
Event: 34.954 Thread 0x00000173933fb050 Thread added: 0x00000173feb9b650
Event: 38.470 Thread 0x000001739dd350b0 Thread added: 0x00000173feb97ea0
Event: 38.485 Thread 0x00000173feb9b650 Thread exited: 0x00000173feb9b650
Event: 38.730 Thread 0x00000173feb97ea0 Thread added: 0x00000173feb983b0
Event: 38.797 Thread 0x00000173feb97ea0 Thread exited: 0x00000173feb97ea0
Event: 39.516 Thread 0x00000173933fb050 Thread exited: 0x00000173933fb050
Event: 58.420 Thread 0x000001739dd39280 Thread exited: 0x000001739dd39280


Dynamic libraries:
0x00007ff607440000 - 0x00007ff60744e000 	c:\Users\musaw\.vscode\extensions\redhat.java-1.36.0-win32-x64\jre\17.0.13-win32-x86_64\bin\java.exe
0x00007ffc0bc90000 - 0x00007ffc0bea7000 	C:\Windows\SYSTEM32\ntdll.dll
0x00007ffc0b900000 - 0x00007ffc0b9c4000 	C:\Windows\System32\KERNEL32.DLL
0x00007ffc08fb0000 - 0x00007ffc0935d000 	C:\Windows\System32\KERNELBASE.dll
0x00007ffc09360000 - 0x00007ffc09471000 	C:\Windows\System32\ucrtbase.dll
0x00007ffbe4480000 - 0x00007ffbe449d000 	C:\Windows\SYSTEM32\VCRUNTIME140.dll
0x00007ffbf73c0000 - 0x00007ffbf73d7000 	c:\Users\musaw\.vscode\extensions\redhat.java-1.36.0-win32-x64\jre\17.0.13-win32-x86_64\bin\jli.dll
0x00007ffc0b250000 - 0x00007ffc0b3fe000 	C:\Windows\System32\USER32.dll
0x00007ffc09500000 - 0x00007ffc09526000 	C:\Windows\System32\win32u.dll
0x00007ffbef040000 - 0x00007ffbef2d3000 	C:\Windows\WinSxS\amd64_microsoft.windows.common-controls_6595b64144ccf1df_6.0.22621.3672_none_2713b9d173822955\COMCTL32.dll
0x00007ffc09f50000 - 0x00007ffc09f79000 	C:\Windows\System32\GDI32.dll
0x00007ffc0b4c0000 - 0x00007ffc0b567000 	C:\Windows\System32\msvcrt.dll
0x00007ffc09530000 - 0x00007ffc09649000 	C:\Windows\System32\gdi32full.dll
0x00007ffc09920000 - 0x00007ffc099ba000 	C:\Windows\System32\msvcp_win.dll
0x00007ffc09a10000 - 0x00007ffc09a41000 	C:\Windows\System32\IMM32.DLL
0x00007ffbf6d80000 - 0x00007ffbf6d9e000 	c:\Users\musaw\.vscode\extensions\redhat.java-1.36.0-win32-x64\jre\17.0.13-win32-x86_64\bin\vcruntime140.dll
0x00007ffbf74d0000 - 0x00007ffbf74dc000 	c:\Users\musaw\.vscode\extensions\redhat.java-1.36.0-win32-x64\jre\17.0.13-win32-x86_64\bin\vcruntime140_1.dll
0x00007ffbd44d0000 - 0x00007ffbd455d000 	c:\Users\musaw\.vscode\extensions\redhat.java-1.36.0-win32-x64\jre\17.0.13-win32-x86_64\bin\msvcp140.dll
0x00007ffba9ba0000 - 0x00007ffbaa80b000 	c:\Users\musaw\.vscode\extensions\redhat.java-1.36.0-win32-x64\jre\17.0.13-win32-x86_64\bin\server\jvm.dll
0x00007ffc0add0000 - 0x00007ffc0ae82000 	C:\Windows\System32\ADVAPI32.dll
0x00007ffc0b410000 - 0x00007ffc0b4b9000 	C:\Windows\System32\sechost.dll
0x00007ffc09650000 - 0x00007ffc09678000 	C:\Windows\System32\bcrypt.dll
0x00007ffc0ae90000 - 0x00007ffc0afa4000 	C:\Windows\System32\RPCRT4.dll
0x00007ffc09ed0000 - 0x00007ffc09f41000 	C:\Windows\System32\WS2_32.dll
0x00007ffc07e20000 - 0x00007ffc07e6d000 	C:\Windows\SYSTEM32\POWRPROF.dll
0x00007ffbf6970000 - 0x00007ffbf69a4000 	C:\Windows\SYSTEM32\WINMM.dll
0x00007ffc00130000 - 0x00007ffc0013a000 	C:\Windows\SYSTEM32\VERSION.dll
0x00007ffc07e00000 - 0x00007ffc07e13000 	C:\Windows\SYSTEM32\UMPDC.dll
0x00007ffc080b0000 - 0x00007ffc080c8000 	C:\Windows\SYSTEM32\kernel.appcore.dll
0x00007ffbf71b0000 - 0x00007ffbf71ba000 	c:\Users\musaw\.vscode\extensions\redhat.java-1.36.0-win32-x64\jre\17.0.13-win32-x86_64\bin\jimage.dll
0x00007ffc03890000 - 0x00007ffc03ac2000 	C:\Windows\SYSTEM32\DBGHELP.DLL
0x00007ffc0b570000 - 0x00007ffc0b8fe000 	C:\Windows\System32\combase.dll
0x00007ffc0b110000 - 0x00007ffc0b1e7000 	C:\Windows\System32\OLEAUT32.dll
0x00007ffc00560000 - 0x00007ffc00592000 	C:\Windows\SYSTEM32\dbgcore.DLL
0x00007ffc09480000 - 0x00007ffc094fb000 	C:\Windows\System32\bcryptPrimitives.dll
0x00007ffbf70e0000 - 0x00007ffbf70ee000 	c:\Users\musaw\.vscode\extensions\redhat.java-1.36.0-win32-x64\jre\17.0.13-win32-x86_64\bin\instrument.dll
0x00007ffbf20d0000 - 0x00007ffbf20f5000 	c:\Users\musaw\.vscode\extensions\redhat.java-1.36.0-win32-x64\jre\17.0.13-win32-x86_64\bin\java.dll
0x00007ffbf1f10000 - 0x00007ffbf1f28000 	c:\Users\musaw\.vscode\extensions\redhat.java-1.36.0-win32-x64\jre\17.0.13-win32-x86_64\bin\zip.dll
0x00007ffc0a2d0000 - 0x00007ffc0ab37000 	C:\Windows\System32\SHELL32.dll
0x00007ffc06ee0000 - 0x00007ffc077df000 	C:\Windows\SYSTEM32\windows.storage.dll
0x00007ffc06da0000 - 0x00007ffc06edf000 	C:\Windows\SYSTEM32\wintypes.dll
0x00007ffc0a1c0000 - 0x00007ffc0a2b9000 	C:\Windows\System32\SHCORE.dll
0x00007ffc0bb50000 - 0x00007ffc0bbae000 	C:\Windows\System32\shlwapi.dll
0x00007ffc08ee0000 - 0x00007ffc08f07000 	C:\Windows\SYSTEM32\profapi.dll
0x00007ffbf1cc0000 - 0x00007ffbf1cd9000 	C:\Users\musaw\.vscode\extensions\redhat.java-1.36.0-win32-x64\jre\17.0.13-win32-x86_64\bin\net.dll
0x00007ffbf7e00000 - 0x00007ffbf7f36000 	C:\Windows\SYSTEM32\WINHTTP.dll
0x00007ffc08520000 - 0x00007ffc08589000 	C:\Windows\system32\mswsock.dll
0x00007ffbf1ca0000 - 0x00007ffbf1cb6000 	C:\Users\musaw\.vscode\extensions\redhat.java-1.36.0-win32-x64\jre\17.0.13-win32-x86_64\bin\nio.dll
0x00007ffbf6cf0000 - 0x00007ffbf6d00000 	c:\Users\musaw\.vscode\extensions\redhat.java-1.36.0-win32-x64\jre\17.0.13-win32-x86_64\bin\verify.dll
0x00007ffbf0110000 - 0x00007ffbf0155000 	C:\Users\musaw\AppData\Roaming\Code\User\globalStorage\redhat.java\1.36.0\config_win\org.eclipse.equinox.launcher\org.eclipse.equinox.launcher.win32.win32.x86_64_1.2.1100.v20240722-2106\eclipse_11904.dll
0x00007ffc09f80000 - 0x00007ffc0a125000 	C:\Windows\System32\ole32.dll
0x00007ffc08740000 - 0x00007ffc0875b000 	C:\Windows\SYSTEM32\CRYPTSP.dll
0x00007ffc08010000 - 0x00007ffc08045000 	C:\Windows\system32\rsaenh.dll
0x00007ffc085e0000 - 0x00007ffc08608000 	C:\Windows\SYSTEM32\USERENV.dll
0x00007ffc08760000 - 0x00007ffc0876c000 	C:\Windows\SYSTEM32\CRYPTBASE.dll
0x00007ffc07ab0000 - 0x00007ffc07add000 	C:\Windows\SYSTEM32\IPHLPAPI.DLL
0x00007ffc0a2c0000 - 0x00007ffc0a2c9000 	C:\Windows\System32\NSI.dll
0x00007ffbf7de0000 - 0x00007ffbf7df9000 	C:\Windows\SYSTEM32\dhcpcsvc6.DLL
0x00007ffbf7dc0000 - 0x00007ffbf7ddf000 	C:\Windows\SYSTEM32\dhcpcsvc.DLL
0x00007ffc07ae0000 - 0x00007ffc07bd8000 	C:\Windows\SYSTEM32\DNSAPI.dll
0x00007ffbed000000 - 0x00007ffbed049000 	C:\Users\musaw\AppData\Local\Temp\jna-104262977\jna12953904027245512423.dll
0x00007ffc0b400000 - 0x00007ffc0b408000 	C:\Windows\System32\PSAPI.DLL
0x00007ffbf1c90000 - 0x00007ffbf1c99000 	C:\Users\musaw\.vscode\extensions\redhat.java-1.36.0-win32-x64\jre\17.0.13-win32-x86_64\bin\extnet.dll

dbghelp: loaded successfully - version: 4.0.5 - missing functions: none
symbol engine: initialized successfully - sym options: 0x614 - pdb path: .;c:\Users\musaw\.vscode\extensions\redhat.java-1.36.0-win32-x64\jre\17.0.13-win32-x86_64\bin;C:\Windows\SYSTEM32;C:\Windows\WinSxS\amd64_microsoft.windows.common-controls_6595b64144ccf1df_6.0.22621.3672_none_2713b9d173822955;c:\Users\musaw\.vscode\extensions\redhat.java-1.36.0-win32-x64\jre\17.0.13-win32-x86_64\bin\server;C:\Users\musaw\AppData\Roaming\Code\User\globalStorage\redhat.java\1.36.0\config_win\org.eclipse.equinox.launcher\org.eclipse.equinox.launcher.win32.win32.x86_64_1.2.1100.v20240722-2106;C:\Users\musaw\AppData\Local\Temp\jna-104262977

VM Arguments:
jvm_args: --add-modules=ALL-SYSTEM --add-opens=java.base/java.util=ALL-UNNAMED --add-opens=java.base/java.lang=ALL-UNNAMED --add-opens=java.base/sun.nio.fs=ALL-UNNAMED -Declipse.application=org.eclipse.jdt.ls.core.id1 -Dosgi.bundles.defaultStartLevel=4 -Declipse.product=org.eclipse.jdt.ls.core.product -Djava.import.generatesMetadataFilesAtProjectRoot=false -DDetectVMInstallationsJob.disabled=true -Dfile.encoding=utf8 -XX:+UseParallelGC -XX:GCTimeRatio=4 -XX:AdaptiveSizePolicyWeight=90 -Dsun.zip.disableMemoryMapping=true -Xmx1G -Xms100m -Xlog:disable -javaagent:c:\Users\musaw\.vscode\extensions\redhat.java-1.36.0-win32-x64\lombok\lombok-1.18.35.jar -XX:+HeapDumpOnOutOfMemoryError -XX:HeapDumpPath=c:\Users\musaw\AppData\Roaming\Code\User\workspaceStorage\0f36ad95ba0b240c9b16759dd15b8eeb\redhat.java -Daether.dependencyCollector.impl=bf 
java_command: c:\Users\musaw\.vscode\extensions\redhat.java-1.36.0-win32-x64\server\plugins\org.eclipse.equinox.launcher_1.6.900.v20240613-2009.jar -configuration c:\Users\musaw\AppData\Roaming\Code\User\globalStorage\redhat.java\1.36.0\config_win -data c:\Users\musaw\AppData\Roaming\Code\User\workspaceStorage\0f36ad95ba0b240c9b16759dd15b8eeb\redhat.java\jdt_ws --pipe=\\.\pipe\lsp-6ed07f1dc9ef4834680d513afb637b9a-sock
java_class_path (initial): c:\Users\musaw\.vscode\extensions\redhat.java-1.36.0-win32-x64\server\plugins\org.eclipse.equinox.launcher_1.6.900.v20240613-2009.jar
Launcher Type: SUN_STANDARD

[Global flags]
    uintx AdaptiveSizePolicyWeight                 = 90                                        {product} {command line}
     intx CICompilerCount                          = 4                                         {product} {ergonomic}
    uintx GCTimeRatio                              = 4                                         {product} {command line}
     bool HeapDumpOnOutOfMemoryError               = true                                   {manageable} {command line}
    ccstr HeapDumpPath                             = c:\Users\musaw\AppData\Roaming\Code\User\workspaceStorage\0f36ad95ba0b240c9b16759dd15b8eeb\redhat.java         {manageable} {command line}
   size_t InitialHeapSize                          = 104857600                                 {product} {command line}
   size_t MaxHeapSize                              = 1073741824                                {product} {command line}
   size_t MaxNewSize                               = 357564416                                 {product} {ergonomic}
   size_t MinHeapDeltaBytes                        = 524288                                    {product} {ergonomic}
   size_t MinHeapSize                              = 104857600                                 {product} {command line}
   size_t NewSize                                  = 34603008                                  {product} {ergonomic}
    uintx NonNMethodCodeHeapSize                   = 5839372                                {pd product} {ergonomic}
    uintx NonProfiledCodeHeapSize                  = 122909434                              {pd product} {ergonomic}
   size_t OldSize                                  = 70254592                                  {product} {ergonomic}
    uintx ProfiledCodeHeapSize                     = 122909434                              {pd product} {ergonomic}
    uintx ReservedCodeCacheSize                    = 251658240                              {pd product} {ergonomic}
     bool SegmentedCodeCache                       = true                                      {product} {ergonomic}
   size_t SoftMaxHeapSize                          = 1073741824                             {manageable} {ergonomic}
     bool UseCompressedClassPointers               = true                           {product lp64_product} {ergonomic}
     bool UseCompressedOops                        = true                           {product lp64_product} {ergonomic}
     bool UseLargePagesIndividualAllocation        = false                                  {pd product} {ergonomic}
     bool UseParallelGC                            = true                                      {product} {command line}

Logging:
Log output configuration:
 #0: stdout all=off uptime,level,tags
 #1: stderr all=off uptime,level,tags

Environment Variables:
JAVA_HOME=C:\Program Files\Eclipse Adoptium\jdk-17.0.13.11-hotspot\
PATH=C:\Program Files\Eclipse Adoptium\jdk-17.0.13.11-hotspot\bin;C:\Windows\system32;C:\Windows;C:\Windows\System32\Wbem;C:\Windows\System32\WindowsPowerShell\v1.0\;C:\Windows\System32\OpenSSH\;C:\Program Files (x86)\NVIDIA Corporation\PhysX\Common;C:\Program Files\NVIDIA Corporation\NVIDIA NvDLISR;C:\Program Files\Git\cmd;C:\Program Files\PuTTY\;C:\Users\musaw\AppData\Local\Microsoft\WindowsApps;;C:\Program Files\JetBrains\PyCharm 2023.3.2\bin;;C:\Program Files\JetBrains\WebStorm 2023.3.2\bin;;C:\Users\musaw\AppData\Local\Programs\Microsoft VS Code\bin
USERNAME=musaw
OS=Windows_NT
PROCESSOR_IDENTIFIER=Intel64 Family 6 Model 142 Stepping 12, GenuineIntel
TMP=C:\Users\musaw\AppData\Local\Temp
TEMP=C:\Users\musaw\AppData\Local\Temp



Periodic native trim disabled


---------------  S Y S T E M  ---------------

OS:
 Windows 11 , 64 bit Build 22621 (10.0.22621.3958)
OS uptime: 27 days 4:29 hours
Hyper-V role detected

CPU: total 8 (initial active 8) (4 cores per cpu, 2 threads per core) family 6 model 142 stepping 12 microcode 0xde, cx8, cmov, fxsr, ht, mmx, 3dnowpref, sse, sse2, sse3, ssse3, sse4.1, sse4.2, popcnt, lzcnt, tsc, tscinvbit, avx, avx2, aes, erms, clmul, bmi1, bmi2, adx, fma, vzeroupper, clflush, clflushopt, hv
Processor Information for all 8 processors :
  Max Mhz: 1992, Current Mhz: 1792, Mhz Limit: 1792

Memory: 4k page, system-wide physical 8006M (333M free)
TotalPageFile size 32582M (AvailPageFile size 3M)
current process WorkingSet (physical memory assigned to process): 496M, peak: 545M
current process commit charge ("private bytes"): 1050M, peak: 1072M

vm_info: OpenJDK 64-Bit Server VM (17.0.13+11) for windows-amd64 JRE (17.0.13+11), built on Oct 16 2024 00:10:08 by "admin" with MS VC++ 17.7 (VS2022)

END.
