#
# There is insufficient memory for the Java Runtime Environment to continue.
# Native memory allocation (mmap) failed to map 132120576 bytes. Error detail: G1 virtual space
# Possible reasons:
#   The system is out of physical RAM or swap space
#   This process is running with CompressedOops enabled, and the Java Heap may be blocking the growth of the native heap
# Possible solutions:
#   Reduce memory load on the system
#   Increase physical memory or swap space
#   Check if swap backing store is full
#   Decrease Java heap size (-Xmx/-Xms)
#   Decrease number of Java threads
#   Decrease Java thread stack sizes (-Xss)
#   Set larger code cache with -XX:ReservedCodeCacheSize=
#   JVM is running with Unscaled Compressed Oops mode in which the Java heap is
#     placed in the first 4GB address space. The Java Heap base address is the
#     maximum limit for the native heap growth. Please use -XX:HeapBaseMinAddress
#     to set the Java Heap base and to place the Java Heap above 4GB virtual address.
# This output file may be truncated or incomplete.
#
#  Out of Memory Error (os_windows.cpp:3703), pid=2056, tid=2380
#
# JRE version:  (23.0.1+11) (build )
# Java VM: OpenJDK 64-Bit Server VM (23.0.1+11, mixed mode, sharing, tiered, compressed oops, compressed class ptrs, g1 gc, windows-amd64)
# No core dump will be written. Minidumps are not enabled by default on client versions of Windows
#

---------------  S U M M A R Y ------------

Command Line: --enable-preview -XX:+ShowCodeDetailsInExceptionMessages MainMenu

Host: Intel(R) Core(TM) i7-8565U CPU @ 1.80GHz, 8 cores, 7G,  Windows 11 , 64 bit Build 22621 (10.0.22621.3958)
Time: Wed Nov 20 16:05:58 2024 Eastern Standard Time elapsed time: 0.140280 seconds (0d 0h 0m 0s)

---------------  T H R E A D  ---------------

Current thread (0x0000023cd490e2c0):  JavaThread "Unknown thread" [_thread_in_vm, id=2380, stack(0x000000dfe2700000,0x000000dfe2800000) (1024K)]

Stack: [0x000000dfe2700000,0x000000dfe2800000]
Native frames: (J=compiled Java code, j=interpreted, Vv=VM code, C=native code)
V  [jvm.dll+0x6e8c79]  (no source info available)
V  [jvm.dll+0x8d9253]  (no source info available)
V  [jvm.dll+0x8db6de]  (no source info available)
V  [jvm.dll+0x8dbdb3]  (no source info available)
V  [jvm.dll+0x281aa6]  (no source info available)
V  [jvm.dll+0x6e5575]  (no source info available)
V  [jvm.dll+0x6d958a]  (no source info available)
V  [jvm.dll+0x3625fa]  (no source info available)
V  [jvm.dll+0x36aa26]  (no source info available)
V  [jvm.dll+0x356fce]  (no source info available)
V  [jvm.dll+0x357268]  (no source info available)
V  [jvm.dll+0x32fbfc]  (no source info available)
V  [jvm.dll+0x33089e]  (no source info available)
V  [jvm.dll+0x89f955]  (no source info available)
V  [jvm.dll+0x3bfe88]  (no source info available)
V  [jvm.dll+0x88849c]  (no source info available)
V  [jvm.dll+0x45a16e]  (no source info available)
V  [jvm.dll+0x45bf81]  (no source info available)
C  [jli.dll+0x5278]  (no source info available)
C  [ucrtbase.dll+0x29333]  (no source info available)
C  [KERNEL32.DLL+0x1257d]  (no source info available)
C  [ntdll.dll+0x5af28]  (no source info available)

Lock stack of current Java thread (top to bottom):


---------------  P R O C E S S  ---------------

Threads class SMR info:
_java_thread_list=0x00007ffb9a228ad8, length=0, elements={
}

Java Threads: ( => current thread )
Total: 0

Other Threads:
  0x0000023cd6b87990 WorkerThread "GC Thread#0"                     [id=27052, stack(0x000000dfe2800000,0x000000dfe2900000) (1024K)]
  0x0000023cd6b9c1c0 ConcurrentGCThread "G1 Main Marker"            [id=16592, stack(0x000000dfe2900000,0x000000dfe2a00000) (1024K)]
  0x0000023cd6b9cbe0 WorkerThread "G1 Conc#0"                       [id=27960, stack(0x000000dfe2a00000,0x000000dfe2b00000) (1024K)]

[error occurred during error reporting (printing all threads), id 0xc0000005, EXCEPTION_ACCESS_VIOLATION (0xc0000005) at pc=0x00007ffb9990326a]
VM state: not at safepoint (not fully initialized)

VM Mutex/Monitor currently owned by a thread:  ([mutex/lock_event])
[0x00007ffb9a2abe70] Heap_lock - owner thread: 0x0000023cd490e2c0

Heap address: 0x0000000082e00000, size: 2002 MB, Compressed Oops mode: 32-bit

CDS archive(s) mapped at: [0x0000000000000000-0x0000000000000000-0x0000000000000000), size 0, SharedBaseAddress: 0x0000000800000000, ArchiveRelocationMode: 1.
Narrow klass base: 0x0000000000000000, Narrow klass shift: 0, Narrow klass range: 0x0

GC Precious Log:
 CardTable entry size: 512
 Card Set container configuration: InlinePtr #cards 5 size 8 Array Of Cards #cards 10 size 36 Howl #buckets 4 coarsen threshold 1843 Howl Bitmap #cards 512 size 80 coarsen threshold 460 Card regions per heap region 1 cards per card region 2048

Heap:
 garbage-first heap   total reserved 2050048K, committed 0K, used 0K [0x0000000082e00000, 0x0000000100000000)
  region size 1024K, 0 young (0K), 0 survivors (0K)

[error occurred during error reporting (printing heap information), id 0xc0000005, EXCEPTION_ACCESS_VIOLATION (0xc0000005) at pc=0x00007ffb99d051f9]
GC Heap History (0 events):
No events

Dll operation events (1 events):
Event: 0.076 Loaded shared library C:\Users\musaw\AppData\Roaming\Code\User\globalStorage\pleiades.java-extension-pack-jdk\java\latest\bin\java.dll

Deoptimization events (0 events):
No events

Classes loaded (0 events):
No events

Classes unloaded (0 events):
No events

Classes redefined (0 events):
No events

Internal exceptions (0 events):
No events

VM Operations (0 events):
No events

Memory protections (0 events):
No events

Nmethod flushes (0 events):
No events

Events (0 events):
No events


Dynamic libraries:
0x00007ff7fd5e0000 - 0x00007ff7fd5ee000 	C:\Users\musaw\AppData\Roaming\Code\User\globalStorage\pleiades.java-extension-pack-jdk\java\latest\bin\java.exe
0x00007ffc0bc90000 - 0x00007ffc0bea7000 	C:\Windows\SYSTEM32\ntdll.dll
0x00007ffc0b900000 - 0x00007ffc0b9c4000 	C:\Windows\System32\KERNEL32.DLL
0x00007ffc08fb0000 - 0x00007ffc0935d000 	C:\Windows\System32\KERNELBASE.dll
0x00007ffc09360000 - 0x00007ffc09471000 	C:\Windows\System32\ucrtbase.dll
0x00007ffbf1a30000 - 0x00007ffbf1a47000 	C:\Users\musaw\AppData\Roaming\Code\User\globalStorage\pleiades.java-extension-pack-jdk\java\latest\bin\jli.dll
0x00007ffc0b250000 - 0x00007ffc0b3fe000 	C:\Windows\System32\USER32.dll
0x00007ffc09500000 - 0x00007ffc09526000 	C:\Windows\System32\win32u.dll
0x00007ffc09f50000 - 0x00007ffc09f79000 	C:\Windows\System32\GDI32.dll
0x00007ffc09530000 - 0x00007ffc09649000 	C:\Windows\System32\gdi32full.dll
0x00007ffc09920000 - 0x00007ffc099ba000 	C:\Windows\System32\msvcp_win.dll
0x00007ffbe4480000 - 0x00007ffbe449d000 	C:\Windows\SYSTEM32\VCRUNTIME140.dll
0x00007ffbef040000 - 0x00007ffbef2d3000 	C:\Windows\WinSxS\amd64_microsoft.windows.common-controls_6595b64144ccf1df_6.0.22621.3672_none_2713b9d173822955\COMCTL32.dll
0x00007ffc0b4c0000 - 0x00007ffc0b567000 	C:\Windows\System32\msvcrt.dll
0x00007ffc09a10000 - 0x00007ffc09a41000 	C:\Windows\System32\IMM32.DLL
0x00007ffbf1630000 - 0x00007ffbf164e000 	C:\Users\musaw\AppData\Roaming\Code\User\globalStorage\pleiades.java-extension-pack-jdk\java\latest\bin\vcruntime140.dll
0x00007ffbf1c00000 - 0x00007ffbf1c0c000 	C:\Users\musaw\AppData\Roaming\Code\User\globalStorage\pleiades.java-extension-pack-jdk\java\latest\bin\vcruntime140_1.dll
0x00007ffbd3bf0000 - 0x00007ffbd3c7d000 	C:\Users\musaw\AppData\Roaming\Code\User\globalStorage\pleiades.java-extension-pack-jdk\java\latest\bin\msvcp140.dll
0x00007ffb995c0000 - 0x00007ffb9a38d000 	C:\Users\musaw\AppData\Roaming\Code\User\globalStorage\pleiades.java-extension-pack-jdk\java\latest\bin\server\jvm.dll
0x00007ffc0add0000 - 0x00007ffc0ae82000 	C:\Windows\System32\ADVAPI32.dll
0x00007ffc0b410000 - 0x00007ffc0b4b9000 	C:\Windows\System32\sechost.dll
0x00007ffc09650000 - 0x00007ffc09678000 	C:\Windows\System32\bcrypt.dll
0x00007ffc0ae90000 - 0x00007ffc0afa4000 	C:\Windows\System32\RPCRT4.dll
0x00007ffc09ed0000 - 0x00007ffc09f41000 	C:\Windows\System32\WS2_32.dll
0x00007ffc07e20000 - 0x00007ffc07e6d000 	C:\Windows\SYSTEM32\POWRPROF.dll
0x00007ffbf6970000 - 0x00007ffbf69a4000 	C:\Windows\SYSTEM32\WINMM.dll
0x00007ffc00130000 - 0x00007ffc0013a000 	C:\Windows\SYSTEM32\VERSION.dll
0x00007ffc07e00000 - 0x00007ffc07e13000 	C:\Windows\SYSTEM32\UMPDC.dll
0x00007ffc080b0000 - 0x00007ffc080c8000 	C:\Windows\SYSTEM32\kernel.appcore.dll
0x00007ffbf1b00000 - 0x00007ffbf1b0a000 	C:\Users\musaw\AppData\Roaming\Code\User\globalStorage\pleiades.java-extension-pack-jdk\java\latest\bin\jimage.dll
0x00007ffc03890000 - 0x00007ffc03ac2000 	C:\Windows\SYSTEM32\DBGHELP.DLL
0x00007ffc0b570000 - 0x00007ffc0b8fe000 	C:\Windows\System32\combase.dll
0x00007ffc0b110000 - 0x00007ffc0b1e7000 	C:\Windows\System32\OLEAUT32.dll
0x00007ffc00560000 - 0x00007ffc00592000 	C:\Windows\SYSTEM32\dbgcore.DLL
0x00007ffc09480000 - 0x00007ffc094fb000 	C:\Windows\System32\bcryptPrimitives.dll
0x00007ffbf0a40000 - 0x00007ffbf0a5e000 	C:\Users\musaw\AppData\Roaming\Code\User\globalStorage\pleiades.java-extension-pack-jdk\java\latest\bin\java.dll
0x00007ffc09f80000 - 0x00007ffc0a125000 	C:\Windows\System32\ole32.dll
0x00007ffc0a2d0000 - 0x00007ffc0ab37000 	C:\Windows\System32\SHELL32.dll

dbghelp: loaded successfully - version: 4.0.5 - missing functions: none
symbol engine: initialized successfully - sym options: 0x614 - pdb path: .;C:\Users\musaw\AppData\Roaming\Code\User\globalStorage\pleiades.java-extension-pack-jdk\java\latest\bin;C:\Windows\SYSTEM32;C:\Windows\WinSxS\amd64_microsoft.windows.common-controls_6595b64144ccf1df_6.0.22621.3672_none_2713b9d173822955;C:\Users\musaw\AppData\Roaming\Code\User\globalStorage\pleiades.java-extension-pack-jdk\java\latest\bin\server

VM Arguments:
jvm_args: --enable-preview -XX:+ShowCodeDetailsInExceptionMessages 
java_command: MainMenu
java_class_path (initial): C:\Users\musaw\OneDrive\Desktop\VPets\bin
Launcher Type: SUN_STANDARD

[Global flags]
     intx CICompilerCount                          = 4                                         {product} {ergonomic}
     uint ConcGCThreads                            = 2                                         {product} {ergonomic}
     uint G1ConcRefinementThreads                  = 8                                         {product} {ergonomic}
   size_t G1HeapRegionSize                         = 1048576                                   {product} {ergonomic}
   size_t InitialHeapSize                          = 132120576                                 {product} {ergonomic}
   size_t MarkStackSize                            = 4194304                                   {product} {ergonomic}
   size_t MarkStackSizeMax                         = 536870912                                 {product} {ergonomic}
   size_t MaxHeapSize                              = 2099249152                                {product} {ergonomic}
   size_t MinHeapDeltaBytes                        = 1048576                                   {product} {ergonomic}
   size_t MinHeapSize                              = 8388608                                   {product} {ergonomic}
    uintx NonNMethodCodeHeapSize                   = 5832704                                {pd product} {ergonomic}
    uintx NonProfiledCodeHeapSize                  = 122945536                              {pd product} {ergonomic}
    uintx ProfiledCodeHeapSize                     = 122880000                              {pd product} {ergonomic}
    uintx ReservedCodeCacheSize                    = 251658240                              {pd product} {ergonomic}
     bool SegmentedCodeCache                       = true                                      {product} {ergonomic}
     bool ShowCodeDetailsInExceptionMessages       = true                                   {manageable} {command line}
   size_t SoftMaxHeapSize                          = 2099249152                             {manageable} {ergonomic}
     bool UseCompressedOops                        = true                           {product lp64_product} {ergonomic}
     bool UseG1GC                                  = true                                      {product} {ergonomic}
     bool UseLargePagesIndividualAllocation        = false                                  {pd product} {ergonomic}

Logging:
Log output configuration:
 #0: stdout all=warning uptime,level,tags foldmultilines=false
 #1: stderr all=off uptime,level,tags foldmultilines=false

Environment Variables:
JAVA_HOME=C:\Users\musaw\AppData\Roaming\Code\User\globalStorage\pleiades.java-extension-pack-jdk\java\latest
PATH=C:\Users\musaw\AppData\Roaming\Code\User\globalStorage\pleiades.java-extension-pack-jdk\gradle\latest\bin;C:\Users\musaw\AppData\Roaming\Code\User\globalStorage\pleiades.java-extension-pack-jdk\maven\latest\bin;C:\Users\musaw\AppData\Roaming\Code\User\globalStorage\pleiades.java-extension-pack-jdk\java\latest\bin;C:\Program Files\Mozilla Firefox;C:\Windows\system32;C:\Windows;C:\Windows\System32\Wbem;C:\Windows\System32\WindowsPowerShell\v1.0\;C:\Windows\System32\OpenSSH\;C:\Program Files (x86)\NVIDIA Corporation\PhysX\Common;C:\Program Files\NVIDIA Corporation\NVIDIA NvDLISR;C:\Program Files\Git\cmd;C:\Program Files\PuTTY\;C:\Users\musaw\AppData\Local\Microsoft\WindowsApps;;C:\Program Files\JetBrains\PyCharm 2023.3.2\bin;;C:\Program Files\JetBrains\WebStorm 2023.3.2\bin;;C:\Users\musaw\AppData\Local\Programs\Microsoft VS Code\bin
USERNAME=musaw
LANG=en_US.UTF-8
OS=Windows_NT
PROCESSOR_IDENTIFIER=Intel64 Family 6 Model 142 Stepping 12, GenuineIntel
TMP=C:\Users\musaw\AppData\Local\Temp
TEMP=C:\Users\musaw\AppData\Local\Temp




Periodic native trim disabled

---------------  S Y S T E M  ---------------

OS:
 Windows 11 , 64 bit Build 22621 (10.0.22621.3958)
OS uptime: 27 days 4:29 hours
Hyper-V role detected

CPU: total 8 (initial active 8) (4 cores per cpu, 2 threads per core) family 6 model 142 stepping 12 microcode 0xde, cx8, cmov, fxsr, ht, mmx, 3dnowpref, sse, sse2, sse3, ssse3, sse4.1, sse4.2, popcnt, lzcnt, tsc, tscinvbit, avx, avx2, aes, erms, clmul, bmi1, bmi2, adx, fma, vzeroupper, clflush, clflushopt, hv, rdtscp, f16c
Processor Information for the first 8 processors :
  Max Mhz: 1992, Current Mhz: 1792, Mhz Limit: 1792

Memory: 4k page, system-wide physical 8006M (318M free)
TotalPageFile size 32582M (AvailPageFile size 44M)
current process WorkingSet (physical memory assigned to process): 12M, peak: 12M
current process commit charge ("private bytes"): 60M, peak: 186M

vm_info: OpenJDK 64-Bit Server VM (23.0.1+11) for windows-amd64 JRE (23.0.1+11), built on 2024-10-15T00:00:00Z with MS VC++ 17.7 (VS2022)

END.
